2026-01-06 10:52:38.063794: Generated mock item [MOCK] Local elections yield unexpected results
2026-01-06 10:52:40.065030: Generated mock item [MOCK] New trade agreement signed in Southeast Asia
2026-01-06 10:52:42.067545: Generated mock item [MOCK] Tech giant announces breakthrough in AI
2026-01-06 10:52:44.068103: Generated mock item [MOCK] Local elections yield unexpected results
2026-01-06 10:52:46.069191: Generated mock item [MOCK] Diplomatic talks scheduled for next week
2026-01-06 10:52:48.071602: Generated mock item [MOCK] Tech giant announces breakthrough in AI
2026-01-06 10:52:50.072523: Generated mock item [MOCK] Tech giant announces breakthrough in AI
2026-01-06 10:52:52.073103: Generated mock item [MOCK] Tech giant announces breakthrough in AI
2026-01-06 10:52:54.073791: Generated mock item [MOCK] Diplomatic talks scheduled for next week
2026-01-06 10:52:56.074917: Generated mock item [MOCK] Energy prices surge amidst global uncertainty
2026-01-06 10:52:58.075791: Generated mock item [MOCK] Regional tensions rise in Eastern Europe
2026-01-06 10:53:00.076805: Generated mock item [MOCK] Energy prices surge amidst global uncertainty
2026-01-06 10:53:02.079210: Generated mock item [MOCK] Regional tensions rise in Eastern Europe
2026-01-06 10:53:04.082057: Generated mock item [MOCK] Local elections yield unexpected results
2026-01-06 10:53:07.076403: Generated mock item [MOCK] Energy prices surge amidst global uncertainty
2026-01-06 10:53:09.077223: Generated mock item [MOCK] Diplomatic talks scheduled for next week
2026-01-06 10:53:11.078315: Generated mock item [MOCK] Cybersecurity threat detected in financial sector
2026-01-06 10:53:13.079276: Generated mock item [MOCK] Tech giant announces breakthrough in AI
2026-01-06 10:53:15.080675: Generated mock item [MOCK] Energy prices surge amidst global uncertainty
2026-01-06 10:53:17.081451: Generated mock item [MOCK] Cybersecurity threat detected in financial sector
2026-01-06 10:53:19.082356: Generated mock item [MOCK] Tech giant announces breakthrough in AI
2026-01-06 10:53:21.082856: Generated mock item [MOCK] Diplomatic talks scheduled for next week
2026-01-06 10:53:23.084046: Generated mock item [MOCK] Cybersecurity threat detected in financial sector
2026-01-06 10:53:25.086099: Generated mock item [MOCK] Tech giant announces breakthrough in AI
2026-01-06 10:53:27.088490: Generated mock item [MOCK] Diplomatic talks scheduled for next week
2026-01-06 10:53:29.090172: Generated mock item [MOCK] Energy prices surge amidst global uncertainty
2026-01-06 10:53:31.091503: Generated mock item [MOCK] Energy prices surge amidst global uncertainty
2026-01-06 10:53:33.092590: Generated mock item [MOCK] Local elections yield unexpected results
2026-01-06 10:53:35.093717: Generated mock item [MOCK] Regional tensions rise in Eastern Europe
2026-01-06 10:53:37.094410: Generated mock item [MOCK] Cybersecurity threat detected in financial sector
2026-01-06 10:53:39.095545: Generated mock item [MOCK] Tech giant announces breakthrough in AI
2026-01-06 10:53:41.096550: Generated mock item [MOCK] Regional tensions rise in Eastern Europe
2026-01-06 10:53:43.097580: Generated mock item [MOCK] Regional tensions rise in Eastern Europe
2026-01-06 10:53:45.098852: Generated mock item [MOCK] Cybersecurity threat detected in financial sector
2026-01-06 10:53:47.101089: Generated mock item [MOCK] Cybersecurity threat detected in financial sector
2026-01-06 10:53:49.102782: Generated mock item [MOCK] Local elections yield unexpected results
2026-01-06 10:53:51.103739: Generated mock item [MOCK] Cybersecurity threat detected in financial sector
2026-01-06 10:53:53.105341: Generated mock item [MOCK] Diplomatic talks scheduled for next week
2026-01-06 10:53:55.106748: Generated mock item [MOCK] Diplomatic talks scheduled for next week
2026-01-06 10:53:57.107943: Generated mock item [MOCK] Tech giant announces breakthrough in AI
2026-01-06 10:53:59.108515: Generated mock item [MOCK] Regional tensions rise in Eastern Europe
2026-01-06 10:54:01.109136: Generated mock item [MOCK] Regional tensions rise in Eastern Europe
2026-01-06 10:54:03.109879: Generated mock item [MOCK] Cybersecurity threat detected in financial sector
2026-01-06 10:54:05.111036: Generated mock item [MOCK] Energy prices surge amidst global uncertainty
2026-01-06 10:54:07.112495: Generated mock item [MOCK] Tech giant announces breakthrough in AI
2026-01-06 10:54:09.113122: Generated mock item [MOCK] Energy prices surge amidst global uncertainty
2026-01-06 10:54:11.113716: Generated mock item [MOCK] Local elections yield unexpected results
2026-01-06 10:54:13.115063: Generated mock item [MOCK] Cybersecurity threat detected in financial sector
2026-01-06 10:54:15.115577: Generated mock item [MOCK] Regional tensions rise in Eastern Europe
2026-01-06 10:54:17.117105: Generated mock item [MOCK] New trade agreement signed in Southeast Asia
2026-01-06 10:54:19.118195: Generated mock item [MOCK] Diplomatic talks scheduled for next week
2026-01-06 10:54:21.119179: Generated mock item [MOCK] Local elections yield unexpected results
2026-01-06 10:54:23.121353: Generated mock item [MOCK] Diplomatic talks scheduled for next week
2026-01-06 10:54:25.122601: Generated mock item [MOCK] Energy prices surge amidst global uncertainty
2026-01-06 10:54:27.124009: Generated mock item [MOCK] Tech giant announces breakthrough in AI
2026-01-06 10:54:29.124697: Generated mock item [MOCK] Tech giant announces breakthrough in AI
2026-01-06 10:54:31.125466: Generated mock item [MOCK] Local elections yield unexpected results
2026-01-06 10:54:33.126460: Generated mock item [MOCK] Tech giant announces breakthrough in AI
2026-01-06 10:54:35.127777: Generated mock item [MOCK] Diplomatic talks scheduled for next week
2026-01-06 10:54:37.128688: Generated mock item [MOCK] Diplomatic talks scheduled for next week
2026-01-06 10:54:39.130285: Generated mock item [MOCK] New trade agreement signed in Southeast Asia
2026-01-06 10:54:41.131337: Generated mock item [MOCK] Energy prices surge amidst global uncertainty
2026-01-06 10:54:43.133114: Generated mock item [MOCK] Cybersecurity threat detected in financial sector
2026-01-06 10:54:45.133604: Generated mock item [MOCK] New trade agreement signed in Southeast Asia
2026-01-06 10:54:47.134522: Generated mock item [MOCK] New trade agreement signed in Southeast Asia
2026-01-06 10:54:49.135730: Generated mock item [MOCK] Energy prices surge amidst global uncertainty
2026-01-06 10:54:51.136336: Generated mock item [MOCK] Local elections yield unexpected results
2026-01-06 10:54:53.137648: Generated mock item [MOCK] Regional tensions rise in Eastern Europe
2026-01-06 10:54:55.138731: Generated mock item [MOCK] Tech giant announces breakthrough in AI
2026-01-06 10:54:57.140217: Generated mock item [MOCK] Regional tensions rise in Eastern Europe
2026-01-06 10:54:59.141137: Generated mock item [MOCK] Local elections yield unexpected results
2026-01-06 10:55:01.141924: Generated mock item [MOCK] Local elections yield unexpected results
2026-01-06 10:55:03.142500: Generated mock item [MOCK] Tech giant announces breakthrough in AI
2026-01-06 10:55:05.144273: Generated mock item [MOCK] Energy prices surge amidst global uncertainty
2026-01-06 10:55:07.145280: Generated mock item [MOCK] Local elections yield unexpected results
2026-01-06 10:55:09.146838: Generated mock item [MOCK] Diplomatic talks scheduled for next week
2026-01-06 10:55:11.147806: Generated mock item [MOCK] Local elections yield unexpected results
2026-01-06 10:55:13.149273: Generated mock item [MOCK] Cybersecurity threat detected in financial sector
2026-01-06 10:55:15.151638: Generated mock item [MOCK] New trade agreement signed in Southeast Asia
2026-01-06 10:55:17.155250: Generated mock item [MOCK] New trade agreement signed in Southeast Asia
2026-01-06 10:55:19.156600: Generated mock item [MOCK] Local elections yield unexpected results
2026-01-06 10:55:21.157859: Generated mock item [MOCK] Energy prices surge amidst global uncertainty
2026-01-06 10:55:23.158440: Generated mock item [MOCK] Regional tensions rise in Eastern Europe
2026-01-06 10:55:25.159727: Generated mock item [MOCK] New trade agreement signed in Southeast Asia
2026-01-06 10:55:27.161523: Generated mock item [MOCK] Tech giant announces breakthrough in AI
2026-01-06 10:55:29.163133: Generated mock item [MOCK] Cybersecurity threat detected in financial sector
2026-01-06 10:55:31.164529: Generated mock item [MOCK] Energy prices surge amidst global uncertainty
2026-01-06 10:55:33.165659: Generated mock item [MOCK] New trade agreement signed in Southeast Asia
2026-01-06 10:55:35.166299: Generated mock item [MOCK] Diplomatic talks scheduled for next week
2026-01-06 10:55:37.167376: Generated mock item [MOCK] Tech giant announces breakthrough in AI
2026-01-06 10:55:39.168791: Generated mock item [MOCK] Regional tensions rise in Eastern Europe
2026-01-06 10:55:41.169784: Generated mock item [MOCK] Tech giant announces breakthrough in AI
2026-01-06 10:55:43.170831: Generated mock item [MOCK] Regional tensions rise in Eastern Europe
2026-01-06 10:55:45.172591: Generated mock item [MOCK] Energy prices surge amidst global uncertainty
2026-01-06 10:55:47.174647: Generated mock item [MOCK] Regional tensions rise in Eastern Europe
2026-01-06 10:55:49.177141: Generated mock item [MOCK] New trade agreement signed in Southeast Asia
2026-01-06 10:55:51.178224: Generated mock item [MOCK] Local elections yield unexpected results
2026-01-06 10:55:53.179335: Generated mock item [MOCK] Local elections yield unexpected results
2026-01-06 10:55:55.180016: Generated mock item [MOCK] Cybersecurity threat detected in financial sector
2026-01-06 10:55:57.181353: Generated mock item [MOCK] Diplomatic talks scheduled for next week
2026-01-06 10:55:59.181919: Generated mock item [MOCK] Cybersecurity threat detected in financial sector
2026-01-06 10:56:01.182940: Generated mock item [MOCK] Tech giant announces breakthrough in AI
2026-01-06 10:56:03.184377: Generated mock item [MOCK] Energy prices surge amidst global uncertainty
2026-01-06 10:56:05.185066: Generated mock item [MOCK] Tech giant announces breakthrough in AI
2026-01-06 10:56:07.186411: Generated mock item [MOCK] Diplomatic talks scheduled for next week
2026-01-06 10:56:09.188224: Generated mock item [MOCK] Diplomatic talks scheduled for next week
2026-01-06 10:56:11.189685: Generated mock item [MOCK] Energy prices surge amidst global uncertainty
2026-01-06 10:56:13.192119: Generated mock item [MOCK] Energy prices surge amidst global uncertainty
2026-01-06 10:56:15.192809: Generated mock item [MOCK] Diplomatic talks scheduled for next week
2026-01-06 10:56:17.193421: Generated mock item [MOCK] Energy prices surge amidst global uncertainty
2026-01-06 10:56:19.194749: Generated mock item [MOCK] Diplomatic talks scheduled for next week
2026-01-06 10:56:21.195307: Generated mock item [MOCK] Regional tensions rise in Eastern Europe
2026-01-06 10:56:23.196749: Generated mock item [MOCK] Cybersecurity threat detected in financial sector
2026-01-06 10:56:25.197601: Generated mock item [MOCK] New trade agreement signed in Southeast Asia
2026-01-06 10:56:27.198811: Generated mock item [MOCK] Energy prices surge amidst global uncertainty
2026-01-06 10:56:29.199583: Generated mock item [MOCK] Regional tensions rise in Eastern Europe
2026-01-06 10:56:31.200884: Generated mock item [MOCK] Tech giant announces breakthrough in AI
2026-01-06 10:56:33.201634: Generated mock item [MOCK] Tech giant announces breakthrough in AI
2026-01-06 10:56:35.203110: Generated mock item [MOCK] Energy prices surge amidst global uncertainty
2026-01-06 10:56:37.204856: Generated mock item [MOCK] Tech giant announces breakthrough in AI
2026-01-06 10:56:39.205554: Generated mock item [MOCK] Regional tensions rise in Eastern Europe
2026-01-06 10:56:41.207090: Generated mock item [MOCK] New trade agreement signed in Southeast Asia
2026-01-06 10:56:43.208555: Generated mock item [MOCK] New trade agreement signed in Southeast Asia
2026-01-06 10:56:45.209835: Generated mock item [MOCK] Cybersecurity threat detected in financial sector
2026-01-06 10:56:47.211280: Generated mock item [MOCK] Tech giant announces breakthrough in AI
2026-01-06 10:56:49.212427: Generated mock item [MOCK] Regional tensions rise in Eastern Europe
2026-01-06 10:56:51.214064: Generated mock item [MOCK] Cybersecurity threat detected in financial sector
2026-01-06 10:56:53.214834: Generated mock item [MOCK] Local elections yield unexpected results
2026-01-06 10:56:55.215791: Generated mock item [MOCK] Tech giant announces breakthrough in AI
2026-01-06 10:56:57.217076: Generated mock item [MOCK] Energy prices surge amidst global uncertainty
2026-01-06 10:56:59.218276: Generated mock item [MOCK] Cybersecurity threat detected in financial sector
2026-01-06 10:57:01.219520: Generated mock item [MOCK] New trade agreement signed in Southeast Asia
2026-01-06 10:57:03.220797: Generated mock item [MOCK] New trade agreement signed in Southeast Asia
2026-01-06 10:57:05.222050: Generated mock item [MOCK] Cybersecurity threat detected in financial sector
2026-01-06 10:57:07.223028: Generated mock item [MOCK] Energy prices surge amidst global uncertainty
2026-01-06 10:57:09.225444: Generated mock item [MOCK] Cybersecurity threat detected in financial sector
2026-01-06 10:57:11.226796: Generated mock item [MOCK] Diplomatic talks scheduled for next week
2026-01-06 10:57:13.228009: Generated mock item [MOCK] Energy prices surge amidst global uncertainty
2026-01-06 10:57:15.228692: Generated mock item [MOCK] Regional tensions rise in Eastern Europe
2026-01-06 10:57:17.230304: Generated mock item [MOCK] Energy prices surge amidst global uncertainty
2026-01-06 10:57:19.231264: Generated mock item [MOCK] Regional tensions rise in Eastern Europe
2026-01-06 10:57:21.233382: Generated mock item [MOCK] Local elections yield unexpected results
2026-01-06 10:57:23.234869: Generated mock item [MOCK] Cybersecurity threat detected in financial sector
2026-01-06 10:57:25.235565: Generated mock item [MOCK] Cybersecurity threat detected in financial sector
2026-01-06 10:57:27.236608: Generated mock item [MOCK] Local elections yield unexpected results
2026-01-06 10:57:29.237558: Generated mock item [MOCK] Cybersecurity threat detected in financial sector
2026-01-06 10:57:31.238208: Generated mock item [MOCK] Regional tensions rise in Eastern Europe
2026-01-06 10:57:33.239405: Generated mock item [MOCK] Diplomatic talks scheduled for next week
2026-01-06 10:57:35.240512: Generated mock item [MOCK] Diplomatic talks scheduled for next week
2026-01-06 10:57:37.242067: Generated mock item [MOCK] Cybersecurity threat detected in financial sector
2026-01-06 10:57:39.242972: Generated mock item [MOCK] Energy prices surge amidst global uncertainty
2026-01-06 10:57:41.246165: Generated mock item [MOCK] Tech giant announces breakthrough in AI
2026-01-06 10:57:43.247742: Generated mock item [MOCK] Tech giant announces breakthrough in AI
2026-01-06 10:57:45.249322: Generated mock item [MOCK] Energy prices surge amidst global uncertainty
2026-01-06 10:57:47.250005: Generated mock item [MOCK] Diplomatic talks scheduled for next week
2026-01-06 10:57:49.252336: Generated mock item [MOCK] Tech giant announces breakthrough in AI
2026-01-06 10:57:51.253890: Generated mock item [MOCK] Local elections yield unexpected results
2026-01-06 10:57:53.255040: Generated mock item [MOCK] Regional tensions rise in Eastern Europe
2026-01-06 10:57:55.257461: Generated mock item [MOCK] New trade agreement signed in Southeast Asia
2026-01-06 10:57:57.258119: Generated mock item [MOCK] Diplomatic talks scheduled for next week
2026-01-06 10:57:59.259676: Generated mock item [MOCK] Tech giant announces breakthrough in AI
2026-01-06 10:58:01.260567: Generated mock item [MOCK] Cybersecurity threat detected in financial sector
2026-01-06 10:58:03.261293: Generated mock item [MOCK] Regional tensions rise in Eastern Europe
2026-01-06 10:58:05.262452: Generated mock item [MOCK] Regional tensions rise in Eastern Europe
2026-01-06 10:58:07.263749: Generated mock item [MOCK] Tech giant announces breakthrough in AI
2026-01-06 10:58:09.264366: Generated mock item [MOCK] Diplomatic talks scheduled for next week
2026-01-06 10:58:11.265710: Generated mock item [MOCK] New trade agreement signed in Southeast Asia
2026-01-06 10:58:13.267150: Generated mock item [MOCK] Regional tensions rise in Eastern Europe
2026-01-06 10:58:15.268473: Generated mock item [MOCK] Cybersecurity threat detected in financial sector
2026-01-06 10:58:17.269852: Generated mock item [MOCK] Regional tensions rise in Eastern Europe
2026-01-06 10:58:19.272470: Generated mock item [MOCK] Regional tensions rise in Eastern Europe
2026-01-06 10:58:21.273426: Generated mock item [MOCK] Regional tensions rise in Eastern Europe
2026-01-06 10:58:23.274821: Generated mock item [MOCK] Diplomatic talks scheduled for next week
2026-01-06 10:58:25.277841: Generated mock item [MOCK] New trade agreement signed in Southeast Asia
2026-01-06 10:58:27.280785: Generated mock item [MOCK] Regional tensions rise in Eastern Europe
2026-01-06 10:58:29.284317: Generated mock item [MOCK] Local elections yield unexpected results
2026-01-06 10:58:31.288205: Generated mock item [MOCK] Local elections yield unexpected results
2026-01-06 10:58:33.290345: Generated mock item [MOCK] Tech giant announces breakthrough in AI
2026-01-06 10:58:35.292248: Generated mock item [MOCK] Diplomatic talks scheduled for next week
2026-01-06 10:58:37.294863: Generated mock item [MOCK] Local elections yield unexpected results
2026-01-06 10:58:39.296407: Generated mock item [MOCK] Local elections yield unexpected results
2026-01-06 10:58:41.298108: Generated mock item [MOCK] New trade agreement signed in Southeast Asia
2026-01-06 10:58:43.299245: Generated mock item [MOCK] New trade agreement signed in Southeast Asia
2026-01-06 10:58:45.301864: Generated mock item [MOCK] Regional tensions rise in Eastern Europe
2026-01-06 10:58:47.304387: Generated mock item [MOCK] Regional tensions rise in Eastern Europe
2026-01-06 10:58:49.305825: Generated mock item [MOCK] Energy prices surge amidst global uncertainty
2026-01-06 10:58:51.308551: Generated mock item [MOCK] Energy prices surge amidst global uncertainty
2026-01-06 10:58:53.311727: Generated mock item [MOCK] New trade agreement signed in Southeast Asia
2026-01-06 10:58:55.314416: Generated mock item [MOCK] Cybersecurity threat detected in financial sector
2026-01-06 10:58:57.316780: Generated mock item [MOCK] Diplomatic talks scheduled for next week
2026-01-06 10:58:59.317507: Generated mock item [MOCK] New trade agreement signed in Southeast Asia
2026-01-06 10:59:01.320195: Generated mock item [MOCK] New trade agreement signed in Southeast Asia
2026-01-06 10:59:03.322140: Generated mock item [MOCK] Energy prices surge amidst global uncertainty
2026-01-06 10:59:05.322924: Generated mock item [MOCK] Energy prices surge amidst global uncertainty
2026-01-06 10:59:07.325568: Generated mock item [MOCK] Cybersecurity threat detected in financial sector
2026-01-06 10:59:09.328355: Generated mock item [MOCK] Energy prices surge amidst global uncertainty
2026-01-06 10:59:11.331015: Generated mock item [MOCK] New trade agreement signed in Southeast Asia
2026-01-06 10:59:13.333254: Generated mock item [MOCK] Diplomatic talks scheduled for next week
2026-01-06 10:59:15.335047: Generated mock item [MOCK] Diplomatic talks scheduled for next week
2026-01-06 10:59:17.337705: Generated mock item [MOCK] Local elections yield unexpected results
2026-01-06 10:59:19.342194: Generated mock item [MOCK] Regional tensions rise in Eastern Europe
2026-01-06 10:59:21.344334: Generated mock item [MOCK] Tech giant announces breakthrough in AI
2026-01-06 10:59:23.347028: Generated mock item [MOCK] Tech giant announces breakthrough in AI
2026-01-06 10:59:25.349206: Generated mock item [MOCK] Diplomatic talks scheduled for next week
2026-01-06 10:59:27.351755: Generated mock item [MOCK] Regional tensions rise in Eastern Europe
2026-01-06 10:59:29.354367: Generated mock item [MOCK] Cybersecurity threat detected in financial sector
2026-01-06 10:59:31.355203: Generated mock item [MOCK] Cybersecurity threat detected in financial sector
2026-01-06 10:59:33.357615: Generated mock item [MOCK] Diplomatic talks scheduled for next week
2026-01-06 10:59:35.359596: Generated mock item [MOCK] Energy prices surge amidst global uncertainty
2026-01-06 10:59:37.362411: Generated mock item [MOCK] New trade agreement signed in Southeast Asia
2026-01-06 10:59:39.364450: Generated mock item [MOCK] Energy prices surge amidst global uncertainty
2026-01-06 10:59:41.366493: Generated mock item [MOCK] Cybersecurity threat detected in financial sector
2026-01-06 10:59:43.368527: Generated mock item [MOCK] Local elections yield unexpected results
2026-01-06 10:59:45.371314: Generated mock item [MOCK] Diplomatic talks scheduled for next week
2026-01-06 10:59:47.373763: Generated mock item [MOCK] Diplomatic talks scheduled for next week
2026-01-06 10:59:49.376715: Generated mock item [MOCK] Tech giant announces breakthrough in AI
2026-01-06 10:59:51.379933: Generated mock item [MOCK] Regional tensions rise in Eastern Europe
2026-01-06 10:59:53.382610: Generated mock item [MOCK] New trade agreement signed in Southeast Asia
2026-01-06 10:59:55.385319: Generated mock item [MOCK] Diplomatic talks scheduled for next week
2026-01-06 10:59:57.387940: Generated mock item [MOCK] Tech giant announces breakthrough in AI
2026-01-06 10:59:59.389036: Generated mock item [MOCK] Regional tensions rise in Eastern Europe
2026-01-06 11:00:01.391592: Generated mock item [MOCK] Diplomatic talks scheduled for next week
2026-01-06 11:00:03.393937: Generated mock item [MOCK] Energy prices surge amidst global uncertainty
2026-01-06 11:00:05.396226: Generated mock item [MOCK] Cybersecurity threat detected in financial sector
2026-01-06 11:00:07.399471: Generated mock item [MOCK] Local elections yield unexpected results
2026-01-06 11:00:09.402301: Generated mock item [MOCK] Local elections yield unexpected results
2026-01-06 11:00:11.404212: Generated mock item [MOCK] Energy prices surge amidst global uncertainty
2026-01-06 11:00:13.405042: Generated mock item [MOCK] Tech giant announces breakthrough in AI
2026-01-06 11:00:15.407757: Generated mock item [MOCK] Regional tensions rise in Eastern Europe
2026-01-06 11:00:17.410369: Generated mock item [MOCK] Energy prices surge amidst global uncertainty
2026-01-06 11:00:19.411586: Generated mock item [MOCK] New trade agreement signed in Southeast Asia
2026-01-06 11:00:21.412388: Generated mock item [MOCK] Energy prices surge amidst global uncertainty
2026-01-06 11:00:23.413447: Generated mock item [MOCK] New trade agreement signed in Southeast Asia
2026-01-06 11:00:25.415364: Generated mock item [MOCK] Energy prices surge amidst global uncertainty
2026-01-06 11:00:27.417287: Generated mock item [MOCK] Diplomatic talks scheduled for next week
2026-01-06 11:00:29.418424: Generated mock item [MOCK] Local elections yield unexpected results
2026-01-06 11:00:31.420340: Generated mock item [MOCK] Tech giant announces breakthrough in AI
2026-01-06 11:00:33.422727: Generated mock item [MOCK] Local elections yield unexpected results
2026-01-06 11:00:35.424302: Generated mock item [MOCK] Local elections yield unexpected results
2026-01-06 11:00:37.426272: Generated mock item [MOCK] New trade agreement signed in Southeast Asia
2026-01-06 11:00:39.427636: Generated mock item [MOCK] Regional tensions rise in Eastern Europe
2026-01-06 11:00:41.428588: Generated mock item [MOCK] New trade agreement signed in Southeast Asia
2026-01-06 11:00:43.431262: Generated mock item [MOCK] Local elections yield unexpected results
2026-01-06 11:00:45.434470: Generated mock item [MOCK] Local elections yield unexpected results
2026-01-06 11:00:47.440000: Generated mock item [MOCK] New trade agreement signed in Southeast Asia
2026-01-06 11:00:49.443367: Generated mock item [MOCK] Regional tensions rise in Eastern Europe
2026-01-06 11:00:51.444853: Generated mock item [MOCK] Diplomatic talks scheduled for next week
2026-01-06 11:00:53.446745: Generated mock item [MOCK] Tech giant announces breakthrough in AI
2026-01-06 11:00:55.447584: Generated mock item [MOCK] Regional tensions rise in Eastern Europe
2026-01-06 11:00:57.448383: Generated mock item [MOCK] New trade agreement signed in Southeast Asia
2026-01-06 11:00:59.450421: Generated mock item [MOCK] Local elections yield unexpected results
2026-01-06 11:01:01.453215: Generated mock item [MOCK] Cybersecurity threat detected in financial sector
2026-01-06 11:01:03.458250: Generated mock item [MOCK] Local elections yield unexpected results
2026-01-06 11:01:05.460796: Generated mock item [MOCK] Tech giant announces breakthrough in AI
2026-01-06 11:01:07.463602: Generated mock item [MOCK] Tech giant announces breakthrough in AI
2026-01-06 11:01:09.466575: Generated mock item [MOCK] New trade agreement signed in Southeast Asia
2026-01-06 11:01:11.469199: Generated mock item [MOCK] Regional tensions rise in Eastern Europe
2026-01-06 11:01:13.471267: Generated mock item [MOCK] Regional tensions rise in Eastern Europe
2026-01-06 11:01:15.472253: Generated mock item [MOCK] Cybersecurity threat detected in financial sector
2026-01-06 11:01:17.473115: Generated mock item [MOCK] Local elections yield unexpected results
2026-01-06 11:01:19.476108: Generated mock item [MOCK] Tech giant announces breakthrough in AI
2026-01-06 11:01:21.478025: Generated mock item [MOCK] Cybersecurity threat detected in financial sector
2026-01-06 11:01:23.479895: Generated mock item [MOCK] New trade agreement signed in Southeast Asia
2026-01-06 11:01:25.482274: Generated mock item [MOCK] Cybersecurity threat detected in financial sector
2026-01-06 11:01:27.484786: Generated mock item [MOCK] New trade agreement signed in Southeast Asia
2026-01-06 11:01:29.485632: Generated mock item [MOCK] New trade agreement signed in Southeast Asia
2026-01-06 11:01:31.488302: Generated mock item [MOCK] New trade agreement signed in Southeast Asia
2026-01-06 11:01:33.490124: Generated mock item [MOCK] Regional tensions rise in Eastern Europe
2026-01-06 11:01:35.492036: Generated mock item [MOCK] Energy prices surge amidst global uncertainty
2026-01-06 11:01:37.494499: Generated mock item [MOCK] New trade agreement signed in Southeast Asia
2026-01-06 11:01:39.495664: Generated mock item [MOCK] Tech giant announces breakthrough in AI
2026-01-06 11:01:41.498272: Generated mock item [MOCK] Local elections yield unexpected results
2026-01-06 11:01:43.500837: Generated mock item [MOCK] Energy prices surge amidst global uncertainty
2026-01-06 11:01:45.501680: Generated mock item [MOCK] Cybersecurity threat detected in financial sector
2026-01-06 11:01:47.504335: Generated mock item [MOCK] Cybersecurity threat detected in financial sector
2026-01-06 11:01:49.506208: Generated mock item [MOCK] Regional tensions rise in Eastern Europe
2026-01-06 11:01:51.508769: Generated mock item [MOCK] Cybersecurity threat detected in financial sector
2026-01-06 11:01:53.510270: Generated mock item [MOCK] New trade agreement signed in Southeast Asia
2026-01-06 11:01:55.512826: Generated mock item [MOCK] Tech giant announces breakthrough in AI
2026-01-06 11:01:57.513658: Generated mock item [MOCK] Cybersecurity threat detected in financial sector
2026-01-06 11:01:59.515702: Generated mock item [MOCK] Energy prices surge amidst global uncertainty
2026-01-06 11:02:01.518448: Generated mock item [MOCK] Diplomatic talks scheduled for next week
2026-01-06 11:02:03.521195: Generated mock item [MOCK] Diplomatic talks scheduled for next week
